<?xml version="1.0" encoding="UTF-8" ?>
<testsuites name="vitest tests" tests="54" failures="0" errors="0" time="1.142586292">
    <testsuite name="src/app/workspace/component/agent/agent-panel/agent-panel.component.spec.ts" timestamp="2026-09-10T17:24:46.516Z" hostname="Shaivyaas-MacBook-Air.local" tests="54" failures="0" errors="0" skipped="0" time="1.142586292">
        <testcase classname="src/app/workspace/component/agent/agent-panel/agent-panel.component.spec.ts" name="AgentPanelComponent &gt; initialization and agent list wiring &gt; loads the agents once on init and shows the selected agent with a model dropdown" time="0.121178083">
        </testcase>
        <testcase classname="src/app/workspace/component/agent/agent-panel/agent-panel.component.spec.ts" name="AgentPanelComponent &gt; initialization and agent list wiring &gt; shows empty state when there are no agents" time="0.02458475">
        </testcase>
        <testcase classname="src/app/workspace/component/agent/agent-panel/agent-panel.component.spec.ts" name="AgentPanelComponent &gt; initialization and agent list wiring &gt; reloads the agent list when the service signals an agent change" time="0.029328709">
        </testcase>
        <testcase classname="src/app/workspace/component/agent/agent-panel/agent-panel.component.spec.ts" name="AgentPanelComponent &gt; initialization and agent list wiring &gt; feeds the selected agent&apos;s chat and whether it is the active one" time="0.028177834">
        </testcase>
        <testcase classname="src/app/workspace/component/agent/agent-panel/agent-panel.component.spec.ts" name="AgentPanelComponent &gt; agentIdToActivate input &gt; opens the panel, activates the agent and selects its tab once agents load" time="0.026722209">
        </testcase>
        <testcase classname="src/app/workspace/component/agent/agent-panel/agent-panel.component.spec.ts" name="AgentPanelComponent &gt; agentIdToActivate input &gt; binds a query-param agent to the current workflow instead of navigating away" time="0.027266583">
        </testcase>
        <testcase classname="src/app/workspace/component/agent/agent-panel/agent-panel.component.spec.ts" name="AgentPanelComponent &gt; agentIdToActivate input &gt; ignores an id that matches no agent and keeps the input for a later retry" time="0.022612042">
        </testcase>
        <testcase classname="src/app/workspace/component/agent/agent-panel/agent-panel.component.spec.ts" name="AgentPanelComponent &gt; agentIdToActivate input &gt; defers activation until the agent list arrives through agentChange$" time="0.017632834">
        </testcase>
        <testcase classname="src/app/workspace/component/agent/agent-panel/agent-panel.component.spec.ts" name="AgentPanelComponent &gt; agentIdToActivate input &gt; deactivates the previously active agent and keeps an already-open panel width" time="0.022807375">
        </testcase>
        <testcase classname="src/app/workspace/component/agent/agent-panel/agent-panel.component.spec.ts" name="AgentPanelComponent &gt; agentIdToActivate input &gt; does nothing when the input change clears the id" time="0.02027325">
        </testcase>
        <testcase classname="src/app/workspace/component/agent/agent-panel/agent-panel.component.spec.ts" name="AgentPanelComponent &gt; openPanel and docked state &gt; the docked button opens the panel and the minimize button docks it again" time="0.018876584">
        </testcase>
        <testcase classname="src/app/workspace/component/agent/agent-panel/agent-panel.component.spec.ts" name="AgentPanelComponent &gt; openPanel and docked state &gt; opening the panel activates the first switchable agent so chat is ready" time="0.026114208">
        </testcase>
        <testcase classname="src/app/workspace/component/agent/agent-panel/agent-panel.component.spec.ts" name="AgentPanelComponent &gt; onAgentCreated &gt; activates the new agent and switches to its tab after refreshing the list" time="0.020120667">
        </testcase>
        <testcase classname="src/app/workspace/component/agent/agent-panel/agent-panel.component.spec.ts" name="AgentPanelComponent &gt; onAgentCreated &gt; deactivates the previously active agent before activating the created one" time="0.01848775">
        </testcase>
        <testcase classname="src/app/workspace/component/agent/agent-panel/agent-panel.component.spec.ts" name="AgentPanelComponent &gt; onAgentCreated &gt; leaves the tab selection alone when the created agent is missing from the refreshed list" time="0.018142125">
        </testcase>
        <testcase classname="src/app/workspace/component/agent/agent-panel/agent-panel.component.spec.ts" name="AgentPanelComponent &gt; onAgentCreated &gt; activates the created agent directly on onAgentCreated" time="0.019375959">
        </testcase>
        <testcase classname="src/app/workspace/component/agent/agent-panel/agent-panel.component.spec.ts" name="AgentPanelComponent &gt; onTabSelectChange &gt; activates the newly selected agent and deactivates the previous one" time="0.019188042">
        </testcase>
        <testcase classname="src/app/workspace/component/agent/agent-panel/agent-panel.component.spec.ts" name="AgentPanelComponent &gt; onTabSelectChange &gt; ignores a tab index beyond the agent list" time="0.018418292">
        </testcase>
        <testcase classname="src/app/workspace/component/agent/agent-panel/agent-panel.component.spec.ts" name="AgentPanelComponent &gt; onTabSelectChange &gt; activates the agent behind the selected tab" time="0.021328166">
        </testcase>
        <testcase classname="src/app/workspace/component/agent/agent-panel/agent-panel.component.spec.ts" name="AgentPanelComponent &gt; onTabSelectChange &gt; binds the selected agent to the current workflow instead of navigating away" time="0.017428375">
        </testcase>
        <testcase classname="src/app/workspace/component/agent/agent-panel/agent-panel.component.spec.ts" name="AgentPanelComponent &gt; onTabSelectChange &gt; does not activate when binding to the current workflow fails" time="0.01818875">
        </testcase>
        <testcase classname="src/app/workspace/component/agent/agent-panel/agent-panel.component.spec.ts" name="AgentPanelComponent &gt; onTabSelectChange &gt; skips the bind request when the agent is already on the current workflow" time="0.017624417">
        </testcase>
        <testcase classname="src/app/workspace/component/agent/agent-panel/agent-panel.component.spec.ts" name="AgentPanelComponent &gt; onTabSelectChange &gt; binds an unbound agent (workflowId 0) to the current workflow" time="0.017302125">
        </testcase>
        <testcase classname="src/app/workspace/component/agent/agent-panel/agent-panel.component.spec.ts" name="AgentPanelComponent &gt; onTabSelectChange &gt; re-selecting the already-active agent tab is a no-op" time="0.017209666">
        </testcase>
        <testcase classname="src/app/workspace/component/agent/agent-panel/agent-panel.component.spec.ts" name="AgentPanelComponent &gt; onTabSelectChange &gt; the model dropdown switches to the chosen agent" time="0.022661375">
        </testcase>
        <testcase classname="src/app/workspace/component/agent/agent-panel/agent-panel.component.spec.ts" name="AgentPanelComponent &gt; onTabSelectChange &gt; re-activates without deactivating when the same agent moved to a different tab" time="0.018631792">
        </testcase>
        <testcase classname="src/app/workspace/component/agent/agent-panel/agent-panel.component.spec.ts" name="AgentPanelComponent &gt; agent dropdown &gt; keeps every agent selectable, including those last used on another workflow" time="0.018765667">
        </testcase>
        <testcase classname="src/app/workspace/component/agent/agent-panel/agent-panel.component.spec.ts" name="AgentPanelComponent &gt; deleteAgent &gt; stops the event and does nothing when the deletion is not confirmed" time="0.016978208">
        </testcase>
        <testcase classname="src/app/workspace/component/agent/agent-panel/agent-panel.component.spec.ts" name="AgentPanelComponent &gt; deleteAgent &gt; deactivates and deletes the active agent" time="0.018151625">
        </testcase>
        <testcase classname="src/app/workspace/component/agent/agent-panel/agent-panel.component.spec.ts" name="AgentPanelComponent &gt; deleteAgent &gt; shifts the selected index down when deleting a tab before the current one" time="0.017077209">
        </testcase>
        <testcase classname="src/app/workspace/component/agent/agent-panel/agent-panel.component.spec.ts" name="AgentPanelComponent &gt; deleteAgent &gt; keeps the selected index when deleting a tab after the current one" time="0.020755875">
        </testcase>
        <testcase classname="src/app/workspace/component/agent/agent-panel/agent-panel.component.spec.ts" name="AgentPanelComponent &gt; deleteAgent &gt; logs and leaves the tabs untouched when the backend delete fails" time="0.020165875">
        </testcase>
        <testcase classname="src/app/workspace/component/agent/agent-panel/agent-panel.component.spec.ts" name="AgentPanelComponent &gt; deleteAgent &gt; the close button in the header asks for confirmation and deletes through the service" time="0.018770209">
        </testcase>
        <testcase classname="src/app/workspace/component/agent/agent-panel/agent-panel.component.spec.ts" name="AgentPanelComponent &gt; panel geometry &gt; onResize coalesces updates through requestAnimationFrame" time="0.014518458">
        </testcase>
        <testcase classname="src/app/workspace/component/agent/agent-panel/agent-panel.component.spec.ts" name="AgentPanelComponent &gt; panel geometry &gt; handleDragStart undocks the panel" time="0.013536875">
        </testcase>
        <testcase classname="src/app/workspace/component/agent/agent-panel/agent-panel.component.spec.ts" name="AgentPanelComponent &gt; panel settings persistence &gt; restores a saved width only when the panel was left undocked" time="0.013080042">
        </testcase>
        <testcase classname="src/app/workspace/component/agent/agent-panel/agent-panel.component.spec.ts" name="AgentPanelComponent &gt; panel settings persistence &gt; stays docked when the panel was saved docked, regardless of the saved width" time="0.013126166">
        </testcase>
        <testcase classname="src/app/workspace/component/agent/agent-panel/agent-panel.component.spec.ts" name="AgentPanelComponent &gt; panel settings persistence &gt; rejects a saved width below the minimum" time="0.017550125">
        </testcase>
        <testcase classname="src/app/workspace/component/agent/agent-panel/agent-panel.component.spec.ts" name="AgentPanelComponent &gt; panel settings persistence &gt; rejects a non-numeric saved width" time="0.015420208">
        </testcase>
        <testcase classname="src/app/workspace/component/agent/agent-panel/agent-panel.component.spec.ts" name="AgentPanelComponent &gt; panel settings persistence &gt; restores a saved height at or above the minimum" time="0.015896667">
        </testcase>
        <testcase classname="src/app/workspace/component/agent/agent-panel/agent-panel.component.spec.ts" name="AgentPanelComponent &gt; panel settings persistence &gt; keeps the default height when the saved height is below the minimum" time="0.014496958">
        </testcase>
        <testcase classname="src/app/workspace/component/agent/agent-panel/agent-panel.component.spec.ts" name="AgentPanelComponent &gt; panel settings persistence &gt; re-applies the saved container style and derives the return position from its transform" time="0.016237334">
        </testcase>
        <testcase classname="src/app/workspace/component/agent/agent-panel/agent-panel.component.spec.ts" name="AgentPanelComponent &gt; panel settings persistence &gt; counts as docked when the saved transform nets out to the origin" time="0.017483709">
        </testcase>
        <testcase classname="src/app/workspace/component/agent/agent-panel/agent-panel.component.spec.ts" name="AgentPanelComponent &gt; panel settings persistence &gt; persists dimensions, docked flag and container style, and deactivates the agent on destroy" time="0.021872584">
        </testcase>
        <testcase classname="src/app/workspace/component/agent/agent-panel/agent-panel.component.spec.ts" name="AgentPanelComponent &gt; panel settings persistence &gt; saves docked=true for a closed panel and skips the style when no container exists" time="0.024629542">
        </testcase>
        <testcase classname="src/app/workspace/component/agent/agent-panel/agent-panel.component.spec.ts" name="AgentPanelComponent &gt; rendered template &gt; reveals the body and sizes it from the bound width and height when opened" time="0.014568958">
        </testcase>
        <testcase classname="src/app/workspace/component/agent/agent-panel/agent-panel.component.spec.ts" name="AgentPanelComponent &gt; rendered template &gt; bounds the resizable box by the configured minimum and a fraction of the window" time="0.0091115">
        </testcase>
        <testcase classname="src/app/workspace/component/agent/agent-panel/agent-panel.component.spec.ts" name="AgentPanelComponent &gt; rendered template &gt; applies a resize reported by the resizable directive to the rendered box" time="0.009559541">
        </testcase>
        <testcase classname="src/app/workspace/component/agent/agent-panel/agent-panel.component.spec.ts" name="AgentPanelComponent &gt; rendered template &gt; drags from the title bar within the workspace and undocks on drag start" time="0.008757041">
        </testcase>
        <testcase classname="src/app/workspace/component/agent/agent-panel/agent-panel.component.spec.ts" name="AgentPanelComponent &gt; rendered template &gt; renders the selected agent&apos;s chat, not one chat per agent" time="0.033308875">
        </testcase>
        <testcase classname="src/app/workspace/component/agent/agent-panel/agent-panel.component.spec.ts" name="AgentPanelComponent &gt; rendered template &gt; changing the model dropdown activates that agent and shows only its chat" time="0.027973">
        </testcase>
        <testcase classname="src/app/workspace/component/agent/agent-panel/agent-panel.component.spec.ts" name="AgentPanelComponent &gt; rendered template &gt; keeps every dropdown option enabled so any agent can be selected on this workflow" time="0.024120416">
        </testcase>
        <testcase classname="src/app/workspace/component/agent/agent-panel/agent-panel.component.spec.ts" name="AgentPanelComponent &gt; rendered template &gt; the close button in the header deletes the shown agent without switching to another" time="0.026049834">
        </testcase>
        <testcase classname="src/app/workspace/component/agent/agent-panel/agent-panel.component.spec.ts" name="AgentPanelComponent &gt; rendered template &gt; offers resize handles on the left and bottom edges only" time="0.008711458">
        </testcase>
    </testsuite>
</testsuites>
